f:\workspace\kaifashijian\finalwork\workspace\towerdefence_new\debug\vc142.pdb
f:\workspace\kaifashijian\finalwork\workspace\towerdefence_new\debug\vc142.idb
f:\workspace\kaifashijian\finalwork\workspace\towerdefence_new\debug\main.obj
f:\workspace\kaifashijian\finalwork\workspace\towerdefence_new\debug\monster.obj
f:\workspace\kaifashijian\finalwork\workspace\towerdefence_new\debug\toolkit.obj
f:\workspace\kaifashijian\finalwork\workspace\towerdefence_new\debug\towerdefence_new.pdb
f:\workspace\kaifashijian\finalwork\workspace\towerdefence_new\debug\towerdefence_new.tlog\cl.command.1.tlog
f:\workspace\kaifashijian\finalwork\workspace\towerdefence_new\debug\towerdefence_new.tlog\cl.read.1.tlog
f:\workspace\kaifashijian\finalwork\workspace\towerdefence_new\debug\towerdefence_new.tlog\cl.write.1.tlog
f:\workspace\kaifashijian\finalwork\workspace\towerdefence_new\debug\towerdefence_new.tlog\link-cvtres.read.1.tlog
f:\workspace\kaifashijian\finalwork\workspace\towerdefence_new\debug\towerdefence_new.tlog\link-cvtres.write.1.tlog
f:\workspace\kaifashijian\finalwork\workspace\towerdefence_new\debug\towerdefence_new.tlog\link-rc.read.1.tlog
f:\workspace\kaifashijian\finalwork\workspace\towerdefence_new\debug\towerdefence_new.tlog\link-rc.write.1.tlog
f:\workspace\kaifashijian\finalwork\workspace\towerdefence_new\debug\towerdefence_new.tlog\link.25036-cvtres.read.1.tlog
f:\workspace\kaifashijian\finalwork\workspace\towerdefence_new\debug\towerdefence_new.tlog\link.25036-cvtres.write.1.tlog
f:\workspace\kaifashijian\finalwork\workspace\towerdefence_new\debug\towerdefence_new.tlog\link.25036-rc.read.1.tlog
f:\workspace\kaifashijian\finalwork\workspace\towerdefence_new\debug\towerdefence_new.tlog\link.25036-rc.write.1.tlog
f:\workspace\kaifashijian\finalwork\workspace\towerdefence_new\debug\towerdefence_new.tlog\link.25036.read.1.tlog
f:\workspace\kaifashijian\finalwork\workspace\towerdefence_new\debug\towerdefence_new.tlog\link.25036.write.1.tlog
f:\workspace\kaifashijian\finalwork\workspace\towerdefence_new\debug\towerdefence_new.tlog\link.command.1.tlog
f:\workspace\kaifashijian\finalwork\workspace\towerdefence_new\debug\towerdefence_new.tlog\link.read.1.tlog
f:\workspace\kaifashijian\finalwork\workspace\towerdefence_new\debug\towerdefence_new.tlog\link.write.1.tlog
