  Bullet.cpp
E:\Workspace\TowerDefence\Bullet.cpp(11,33): warning C4244: “=”: 从“int”转换到“float”，可能丢失数据
E:\Workspace\TowerDefence\Bullet.cpp(12,35): warning C4244: “=”: 从“int”转换到“float”，可能丢失数据
E:\Workspace\TowerDefence\Bullet.cpp(25,16): warning C4244: “初始化”: 从“double”转换到“float”，可能丢失数据
E:\Workspace\TowerDefence\Bullet.cpp(28,15): warning C4244: “初始化”: 从“double”转换到“float”，可能丢失数据
E:\Workspace\TowerDefence\Bullet.cpp(47,17): warning C4244: “参数”: 从“float”转换到“int”，可能丢失数据
E:\Workspace\TowerDefence\Bullet.cpp(47,14): warning C4244: “参数”: 从“float”转换到“int”，可能丢失数据
  ClickButton.cpp
E:\Workspace\TowerDefence\ClickButton.cpp(32,18): warning C4244: “参数”: 从“float”转换到“int”，可能丢失数据
E:\Workspace\TowerDefence\ClickButton.cpp(32,15): warning C4244: “参数”: 从“float”转换到“int”，可能丢失数据
E:\Workspace\TowerDefence\ClickButton.cpp(34,25): warning C4244: “参数”: 从“float”转换到“int”，可能丢失数据
E:\Workspace\TowerDefence\ClickButton.cpp(34,19): warning C4244: “参数”: 从“float”转换到“int”，可能丢失数据
E:\Workspace\TowerDefence\ClickButton.cpp(35,36): warning C4244: “参数”: 从“float”转换到“int”，可能丢失数据
E:\Workspace\TowerDefence\ClickButton.cpp(35,28): warning C4244: “参数”: 从“float”转换到“int”，可能丢失数据
E:\Workspace\TowerDefence\ClickButton.cpp(38,18): warning C4244: “参数”: 从“float”转换到“int”，可能丢失数据
E:\Workspace\TowerDefence\ClickButton.cpp(38,15): warning C4244: “参数”: 从“float”转换到“int”，可能丢失数据
E:\Workspace\TowerDefence\ClickButton.cpp(48,55): warning C4244: “参数”: 从“float”转换到“int”，可能丢失数据
E:\Workspace\TowerDefence\ClickButton.cpp(48,48): warning C4244: “参数”: 从“float”转换到“int”，可能丢失数据
E:\Workspace\TowerDefence\ClickButton.cpp(224,29): warning C4244: “=”: 从“int”转换到“float”，可能丢失数据
E:\Workspace\TowerDefence\ClickButton.cpp(230,29): warning C4244: “=”: 从“int”转换到“float”，可能丢失数据
E:\Workspace\TowerDefence\ClickButton.cpp(231,44): warning C4244: “=”: 从“int”转换到“float”，可能丢失数据
  CoinSystem.cpp
E:\Workspace\TowerDefence\CoinSystem.cpp(45,20): warning C4018: “<”: 有符号/无符号不匹配
E:\Workspace\TowerDefence\CoinSystem.cpp(46,47): warning C4244: “参数”: 从“float”转换到“int”，可能丢失数据
E:\Workspace\TowerDefence\CoinSystem.cpp(46,35): warning C4244: “参数”: 从“float”转换到“int”，可能丢失数据
E:\Workspace\TowerDefence\CoinSystem.cpp(47,40): warning C4244: “参数”: 从“float”转换到“int”，可能丢失数据
E:\Workspace\TowerDefence\CoinSystem.cpp(47,25): warning C4244: “参数”: 从“float”转换到“int”，可能丢失数据
E:\Workspace\TowerDefence\CoinSystem.cpp(60,20): warning C4018: “<”: 有符号/无符号不匹配
  Constant.cpp
E:\Workspace\TowerDefence\Constant.cpp(44,1): warning C4305: “初始化”: 从“double”到“float”截断
E:\Workspace\TowerDefence\Constant.cpp(120,28): warning C4305: “初始化”: 从“double”到“float”截断
E:\Workspace\TowerDefence\Constant.cpp(149,22): warning C4305: “=”: 从“double”到“float”截断
  FrontPage.cpp
E:\Workspace\TowerDefence\FrontPage.cpp(29,90): warning C4244: “参数”: 从“double”转换到“float”，可能丢失数据
E:\Workspace\TowerDefence\FrontPage.cpp(35,20): warning C4018: “<”: 有符号/无符号不匹配
E:\Workspace\TowerDefence\FrontPage.cpp(50,20): warning C4018: “<”: 有符号/无符号不匹配
E:\Workspace\TowerDefence\FrontPage.cpp(56,18): warning C4244: “参数”: 从“float”转换到“int”，可能丢失数据
E:\Workspace\TowerDefence\FrontPage.cpp(56,15): warning C4244: “参数”: 从“float”转换到“int”，可能丢失数据
E:\Workspace\TowerDefence\FrontPage.cpp(68,69): warning C4244: “参数”: 从“float”转换到“int”，可能丢失数据
E:\Workspace\TowerDefence\FrontPage.cpp(68,63): warning C4244: “参数”: 从“float”转换到“int”，可能丢失数据
E:\Workspace\TowerDefence\FrontPage.cpp(78,66): warning C4244: “参数”: 从“float”转换到“int”，可能丢失数据
E:\Workspace\TowerDefence\FrontPage.cpp(78,60): warning C4244: “参数”: 从“float”转换到“int”，可能丢失数据
E:\Workspace\TowerDefence\FrontPage.cpp(88,65): warning C4244: “参数”: 从“float”转换到“int”，可能丢失数据
E:\Workspace\TowerDefence\FrontPage.cpp(88,59): warning C4244: “参数”: 从“float”转换到“int”，可能丢失数据
E:\Workspace\TowerDefence\FrontPage.cpp(92,77): warning C4244: “参数”: 从“float”转换到“int”，可能丢失数据
E:\Workspace\TowerDefence\FrontPage.cpp(92,60): warning C4244: “参数”: 从“float”转换到“int”，可能丢失数据
  Global.cpp
  Monster.cpp
E:\Workspace\TowerDefence\Monster.cpp(17,44): warning C4244: “=”: 从“int”转换到“float”，可能丢失数据
E:\Workspace\TowerDefence\Monster.cpp(18,45): warning C4244: “=”: 从“int”转换到“float”，可能丢失数据
E:\Workspace\TowerDefence\Monster.cpp(22,27): warning C4244: “=”: 从“int”转换到“float”，可能丢失数据
E:\Workspace\TowerDefence\Monster.cpp(41,55): warning C4244: “参数”: 从“float”转换到“int”，可能丢失数据
E:\Workspace\TowerDefence\Monster.cpp(43,47): warning C4244: “参数”: 从“double”转换到“int”，可能丢失数据
E:\Workspace\TowerDefence\Monster.cpp(57,142): warning C4244: “参数”: 从“double”转换到“int”，可能丢失数据
E:\Workspace\TowerDefence\Monster.cpp(57,97): warning C4244: “参数”: 从“float”转换到“int”，可能丢失数据
E:\Workspace\TowerDefence\Monster.cpp(57,80): warning C4244: “参数”: 从“double”转换到“int”，可能丢失数据
E:\Workspace\TowerDefence\Monster.cpp(57,21): warning C4244: “参数”: 从“float”转换到“int”，可能丢失数据
E:\Workspace\TowerDefence\Monster.cpp(64,149): warning C4244: “参数”: 从“double”转换到“int”，可能丢失数据
E:\Workspace\TowerDefence\Monster.cpp(64,104): warning C4244: “参数”: 从“float”转换到“int”，可能丢失数据
E:\Workspace\TowerDefence\Monster.cpp(64,85): warning C4244: “参数”: 从“double”转换到“int”，可能丢失数据
E:\Workspace\TowerDefence\Monster.cpp(64,26): warning C4244: “参数”: 从“float”转换到“int”，可能丢失数据
E:\Workspace\TowerDefence\Monster.cpp(68,198): warning C4244: “参数”: 从“double”转换到“int”，可能丢失数据
E:\Workspace\TowerDefence\Monster.cpp(68,121): warning C4244: “参数”: 从“double”转换到“int”，可能丢失数据
E:\Workspace\TowerDefence\Monster.cpp(68,85): warning C4244: “参数”: 从“double”转换到“int”，可能丢失数据
E:\Workspace\TowerDefence\Monster.cpp(68,26): warning C4244: “参数”: 从“float”转换到“int”，可能丢失数据
E:\Workspace\TowerDefence\Monster.cpp(84,50): warning C4244: “参数”: 从“float”转换到“int”，可能丢失数据
E:\Workspace\TowerDefence\Monster.cpp(84,25): warning C4244: “参数”: 从“float”转换到“int”，可能丢失数据
E:\Workspace\TowerDefence\Monster.cpp(90,23): warning C4244: “参数”: 从“float”转换到“int”，可能丢失数据
E:\Workspace\TowerDefence\Monster.cpp(90,14): warning C4244: “参数”: 从“float”转换到“int”，可能丢失数据
E:\Workspace\TowerDefence\Monster.cpp(93,53): warning C4244: “参数”: 从“float”转换到“int”，可能丢失数据
E:\Workspace\TowerDefence\Monster.cpp(93,17): warning C4244: “参数”: 从“float”转换到“int”，可能丢失数据
E:\Workspace\TowerDefence\Monster.cpp(107,16): warning C4244: “初始化”: 从“int”转换到“float”，可能丢失数据
E:\Workspace\TowerDefence\Monster.cpp(108,19): warning C4244: “初始化”: 从“int”转换到“float”，可能丢失数据
E:\Workspace\TowerDefence\Monster.cpp(148,27): warning C4244: “参数”: 从“float”转换到“int”，可能丢失数据
E:\Workspace\TowerDefence\Monster.cpp(213,78): warning C4305: “参数”: 从“double”到“float”截断
  MonsterCreator.cpp
E:\Workspace\TowerDefence\MonsterCreator.cpp(19,62): warning C4244: “=”: 从“double”转换到“float”，可能丢失数据
E:\Workspace\TowerDefence\MonsterCreator.cpp(20,45): warning C4244: “=”: 从“double”转换到“float”，可能丢失数据
E:\Workspace\TowerDefence\MonsterCreator.cpp(49,58): warning C4244: “=”: 从“double”转换到“float”，可能丢失数据
E:\Workspace\TowerDefence\MonsterCreator.cpp(60,37): warning C4244: “=”: 从“double”转换到“float”，可能丢失数据
E:\Workspace\TowerDefence\MonsterCreator.cpp(65,57): warning C4244: “参数”: 从“float”转换到“int”，可能丢失数据
E:\Workspace\TowerDefence\MonsterCreator.cpp(65,42): warning C4244: “参数”: 从“float”转换到“int”，可能丢失数据
E:\Workspace\TowerDefence\MonsterCreator.cpp(124,5): warning C4305: “参数”: 从“double”到“float”截断
E:\Workspace\TowerDefence\MonsterCreator.cpp(127,10): warning C4305: “参数”: 从“double”到“float”截断
E:\Workspace\TowerDefence\MonsterCreator.cpp(151,42): warning C4244: “参数”: 从“float”转换到“int”，可能丢失数据
E:\Workspace\TowerDefence\MonsterCreator.cpp(151,31): warning C4244: “参数”: 从“float”转换到“int”，可能丢失数据
E:\Workspace\TowerDefence\MonsterCreator.cpp(151,26): warning C4244: “参数”: 从“float”转换到“int”，可能丢失数据
E:\Workspace\TowerDefence\MonsterCreator.cpp(151,16): warning C4244: “参数”: 从“float”转换到“int”，可能丢失数据
E:\Workspace\TowerDefence\MonsterCreator.cpp(154,29): warning C4244: “参数”: 从“float”转换到“int”，可能丢失数据
E:\Workspace\TowerDefence\MonsterCreator.cpp(154,22): warning C4244: “参数”: 从“float”转换到“int”，可能丢失数据
E:\Workspace\TowerDefence\MonsterCreator.cpp(158,34): warning C4244: “参数”: 从“float”转换到“int”，可能丢失数据
E:\Workspace\TowerDefence\MonsterCreator.cpp(158,22): warning C4244: “参数”: 从“float”转换到“int”，可能丢失数据
E:\Workspace\TowerDefence\MonsterCreator.cpp(158,19): warning C4244: “参数”: 从“float”转换到“int”，可能丢失数据
E:\Workspace\TowerDefence\MonsterCreator.cpp(158,16): warning C4244: “参数”: 从“float”转换到“int”，可能丢失数据
E:\Workspace\TowerDefence\MonsterCreator.cpp(160,45): warning C4244: “参数”: 从“float”转换到“int”，可能丢失数据
E:\Workspace\TowerDefence\MonsterCreator.cpp(160,22): warning C4244: “参数”: 从“float”转换到“int”，可能丢失数据
  PropSystem.cpp
E:\Workspace\TowerDefence\PropSystem.cpp(23,40): warning C4244: “参数”: 从“float”转换到“int”，可能丢失数据
E:\Workspace\TowerDefence\PropSystem.cpp(23,25): warning C4244: “参数”: 从“float”转换到“int”，可能丢失数据
E:\Workspace\TowerDefence\PropSystem.cpp(31,32): warning C4244: “参数”: 从“float”转换到“int”，可能丢失数据
E:\Workspace\TowerDefence\PropSystem.cpp(43,33): warning C4244: “参数”: 从“float”转换到“int”，可能丢失数据
E:\Workspace\TowerDefence\PropSystem.cpp(64,70): warning C4244: “参数”: 从“float”转换到“int”，可能丢失数据
E:\Workspace\TowerDefence\PropSystem.cpp(64,53): warning C4244: “参数”: 从“float”转换到“int”，可能丢失数据
E:\Workspace\TowerDefence\PropSystem.cpp(66,62): warning C4244: “参数”: 从“float”转换到“int”，可能丢失数据
E:\Workspace\TowerDefence\PropSystem.cpp(66,30): warning C4244: “参数”: 从“float”转换到“int”，可能丢失数据
E:\Workspace\TowerDefence\PropSystem.cpp(70,76): warning C4244: “参数”: 从“float”转换到“int”，可能丢失数据
E:\Workspace\TowerDefence\PropSystem.cpp(70,47): warning C4244: “参数”: 从“float”转换到“int”，可能丢失数据
E:\Workspace\TowerDefence\PropSystem.cpp(70,31): warning C4244: “参数”: 从“float”转换到“int”，可能丢失数据
E:\Workspace\TowerDefence\PropSystem.cpp(70,19): warning C4244: “参数”: 从“float”转换到“int”，可能丢失数据
E:\Workspace\TowerDefence\PropSystem.cpp(75,73): warning C4244: “参数”: 从“float”转换到“int”，可能丢失数据
E:\Workspace\TowerDefence\PropSystem.cpp(75,44): warning C4244: “参数”: 从“float”转换到“int”，可能丢失数据
E:\Workspace\TowerDefence\PropSystem.cpp(75,28): warning C4244: “参数”: 从“float”转换到“int”，可能丢失数据
E:\Workspace\TowerDefence\PropSystem.cpp(75,23): warning C4244: “参数”: 从“float”转换到“int”，可能丢失数据
E:\Workspace\TowerDefence\PropSystem.cpp(83,73): warning C4244: “参数”: 从“float”转换到“int”，可能丢失数据
E:\Workspace\TowerDefence\PropSystem.cpp(83,55): warning C4244: “参数”: 从“float”转换到“int”，可能丢失数据
E:\Workspace\TowerDefence\PropSystem.cpp(85,65): warning C4244: “参数”: 从“float”转换到“int”，可能丢失数据
E:\Workspace\TowerDefence\PropSystem.cpp(85,31): warning C4244: “参数”: 从“float”转换到“int”，可能丢失数据
E:\Workspace\TowerDefence\PropSystem.cpp(89,81): warning C4244: “参数”: 从“float”转换到“int”，可能丢失数据
E:\Workspace\TowerDefence\PropSystem.cpp(89,50): warning C4244: “参数”: 从“float”转换到“int”，可能丢失数据
E:\Workspace\TowerDefence\PropSystem.cpp(89,33): warning C4244: “参数”: 从“float”转换到“int”，可能丢失数据
E:\Workspace\TowerDefence\PropSystem.cpp(89,20): warning C4244: “参数”: 从“float”转换到“int”，可能丢失数据
E:\Workspace\TowerDefence\PropSystem.cpp(94,77): warning C4244: “参数”: 从“float”转换到“int”，可能丢失数据
E:\Workspace\TowerDefence\PropSystem.cpp(94,46): warning C4244: “参数”: 从“float”转换到“int”，可能丢失数据
E:\Workspace\TowerDefence\PropSystem.cpp(94,29): warning C4244: “参数”: 从“float”转换到“int”，可能丢失数据
E:\Workspace\TowerDefence\PropSystem.cpp(94,24): warning C4244: “参数”: 从“float”转换到“int”，可能丢失数据
E:\Workspace\TowerDefence\PropSystem.cpp(171,20): warning C4018: “<”: 有符号/无符号不匹配
E:\Workspace\TowerDefence\PropSystem.cpp(188,20): warning C4018: “<”: 有符号/无符号不匹配
E:\Workspace\TowerDefence\PropSystem.cpp(228,34): warning C4305: “-=”: 从“double”到“float”截断
  Tower.cpp
E:\Workspace\TowerDefence\Tower.cpp(14,30): warning C4244: “=”: 从“int”转换到“float”，可能丢失数据
E:\Workspace\TowerDefence\Tower.cpp(15,31): warning C4244: “=”: 从“int”转换到“float”，可能丢失数据
E:\Workspace\TowerDefence\Tower.cpp(27,26): warning C4244: “参数”: 从“float”转换到“int”，可能丢失数据
E:\Workspace\TowerDefence\Tower.cpp(27,15): warning C4244: “参数”: 从“float”转换到“int”，可能丢失数据
E:\Workspace\TowerDefence\Tower.cpp(42,16): warning C4244: “参数”: 从“float”转换到“int”，可能丢失数据
E:\Workspace\TowerDefence\Tower.cpp(42,13): warning C4244: “参数”: 从“float”转换到“int”，可能丢失数据
E:\Workspace\TowerDefence\Tower.cpp(42,10): warning C4244: “参数”: 从“float”转换到“int”，可能丢失数据
E:\Workspace\TowerDefence\Tower.cpp(76,20): warning C4018: “<”: 有符号/无符号不匹配
E:\Workspace\TowerDefence\Tower.cpp(130,17): warning C4244: “初始化”: 从“int”转换到“float”，可能丢失数据
E:\Workspace\TowerDefence\Tower.cpp(131,18): warning C4244: “初始化”: 从“int”转换到“float”，可能丢失数据
E:\Workspace\TowerDefence\Tower.cpp(132,40): warning C4244: “参数”: 从“float”转换到“int”，可能丢失数据
E:\Workspace\TowerDefence\Tower.cpp(132,24): warning C4244: “参数”: 从“float”转换到“int”，可能丢失数据
E:\Workspace\TowerDefence\Tower.cpp(134,69): warning C4244: “参数”: 从“float”转换到“int”，可能丢失数据
E:\Workspace\TowerDefence\Tower.cpp(134,48): warning C4244: “参数”: 从“float”转换到“int”，可能丢失数据
  main.cpp
E:\Workspace\TowerDefence\main.cpp(34,11): warning C4244: “初始化”: 从“float”转换到“int”，可能丢失数据
E:\Workspace\TowerDefence\main.cpp(35,11): warning C4244: “初始化”: 从“float”转换到“int”，可能丢失数据
E:\Workspace\TowerDefence\main.cpp(47,20): warning C4018: “<”: 有符号/无符号不匹配
E:\Workspace\TowerDefence\main.cpp(48,21): warning C4018: “<”: 有符号/无符号不匹配
E:\Workspace\TowerDefence\main.cpp(51,161): warning C4244: “参数”: 从“float”转换到“int”，可能丢失数据
E:\Workspace\TowerDefence\main.cpp(51,145): warning C4244: “参数”: 从“float”转换到“int”，可能丢失数据
E:\Workspace\TowerDefence\main.cpp(51,128): warning C4244: “参数”: 从“float”转换到“int”，可能丢失数据
E:\Workspace\TowerDefence\main.cpp(51,113): warning C4244: “参数”: 从“float”转换到“int”，可能丢失数据
E:\Workspace\TowerDefence\main.cpp(60,20): warning C4018: “<”: 有符号/无符号不匹配
E:\Workspace\TowerDefence\main.cpp(73,68): warning C4244: “参数”: 从“float”转换到“int”，可能丢失数据
E:\Workspace\TowerDefence\main.cpp(73,60): warning C4244: “参数”: 从“float”转换到“int”，可能丢失数据
E:\Workspace\TowerDefence\main.cpp(73,51): warning C4244: “参数”: 从“float”转换到“int”，可能丢失数据
E:\Workspace\TowerDefence\main.cpp(73,43): warning C4244: “参数”: 从“float”转换到“int”，可能丢失数据
E:\Workspace\TowerDefence\main.cpp(99,20): warning C4018: “<”: 有符号/无符号不匹配
E:\Workspace\TowerDefence\main.cpp(109,20): warning C4018: “<”: 有符号/无符号不匹配
E:\Workspace\TowerDefence\main.cpp(113,20): warning C4018: “<”: 有符号/无符号不匹配
E:\Workspace\TowerDefence\main.cpp(122,30): warning C4244: “+=”: 从“const float”转换到“int”，可能丢失数据
E:\Workspace\TowerDefence\main.cpp(132,20): warning C4018: “<”: 有符号/无符号不匹配
E:\Workspace\TowerDefence\main.cpp(141,20): warning C4018: “<”: 有符号/无符号不匹配
E:\Workspace\TowerDefence\main.cpp(144,20): warning C4018: “<”: 有符号/无符号不匹配
E:\Workspace\TowerDefence\main.cpp(188,70): warning C4244: “参数”: 从“double”转换到“int”，可能丢失数据
E:\Workspace\TowerDefence\main.cpp(188,56): warning C4244: “参数”: 从“double”转换到“int”，可能丢失数据
E:\Workspace\TowerDefence\main.cpp(279,12): warning C4002: 类函数宏的调用“_T”参数过多
  正在生成代码...
E:\Workspace\TowerDefence\CoinSystem.cpp(26): warning C4715: “CoinSystem::subCoin”: 不是所有的控件路径都返回值
  TowerDefence_new.vcxproj -> E:\Workspace\TowerDefence\Debug\TowerDefence_new.exe
